<?xml version="1.0" encoding="UTF-8" ?>
<testsuite tests="6" failures="0" name="br.com.kanban.TaskTest" time="0.015" errors="0" skipped="0">
  <properties>
    <property name="idea.version" value="2023.1.3"/>
    <property name="java.runtime.name" value="OpenJDK Runtime Environment"/>
    <property name="java.vm.version" value="17.0.7+7-b1000.2"/>
    <property name="sun.boot.library.path" value="C:\Users\cbbat\.jdks\jbr-17.0.7\bin"/>
    <property name="maven.multiModuleProjectDirectory" value="C:\Users\cbbat\Documents\Estudos\kanban-template"/>
    <property name="java.vm.vendor" value="JetBrains s.r.o."/>
    <property name="java.vendor.url" value="https://openjdk.java.net/"/>
    <property name="guice.disable.misplaced.annotation.check" value="true"/>
    <property name="path.separator" value=";"/>
    <property name="java.vm.name" value="OpenJDK 64-Bit Server VM"/>
    <property name="sun.os.patch.level" value=""/>
    <property name="user.script" value=""/>
    <property name="user.country" value="BR"/>
    <property name="sun.java.launcher" value="SUN_STANDARD"/>
    <property name="java.vm.specification.name" value="Java Virtual Machine Specification"/>
    <property name="user.dir" value="C:\Users\cbbat\Documents\Estudos\kanban-template"/>
    <property name="jbr.virtualization.information" value="Hyper-V role"/>
    <property name="java.vm.compressedOopsMode" value="Zero based"/>
    <property name="java.runtime.version" value="17.0.7+7-b1000.2"/>
    <property name="os.arch" value="amd64"/>
    <property name="java.io.tmpdir" value="C:\Users\cbbat\AppData\Local\Temp\"/>
    <property name="line.separator" value="
"/>
    <property name="java.vm.specification.vendor" value="Oracle Corporation"/>
    <property name="user.variant" value=""/>
    <property name="os.name" value="Windows 10"/>
    <property name="maven.ext.class.path" value="C:\Program Files\JetBrains\IntelliJ IDEA 2023.1.3\plugins\maven\lib\maven-event-listener.jar"/>
    <property name="classworlds.conf" value="C:\Program Files\JetBrains\IntelliJ IDEA 2023.1.3\plugins\maven\lib\maven3\bin\m2.conf"/>
    <property name="sun.jnu.encoding" value="Cp1252"/>
    <property name="java.library.path" value="C:\Users\cbbat\.jdks\jbr-17.0.7\bin;C:\Windows\Sun\Java\bin;C:\Windows\system32;C:\Windows;C:\Program Files\Common Files\Oracle\Java\javapath;C:\Program Files (x86)\Common Files\Oracle\Java\javapath;C:\Windows\system32;C:\Windows;C:\Windows\System32\Wbem;C:\Windows\System32\WindowsPowerShell\v1.0\;C:\Windows\System32\OpenSSH\;C:\Program Files\Git\cmd;C:\Program Files\PuTTY\;C:\xampp\php;C:\ProgramData\ComposerSetup\bin;C:\Users\cbbat\AppData\Local\Android\Sdk\platform-tools;%C:\Users\cbbat\AppData\Local\Android\Sdk\tools;C:\gradle-6.7.1\bin;C:\ProgramData\chocolatey\bin;%C:\Program Files\OpenJDK\jdk-11%\bin;C:\Program Files (x86)\Yarn\bin\;C:\Users\cbbat\AppData\Roaming\npm;C:\Program Files\Java\jdk-11.0.11\bin;%ZOOKEEPER_HOME%\bin;C:\Program Files\Amazon\AWSCLIV2\;C:\Users\cbbat\Documents\ZUP\terraform;C:\tools\php8;C:\Program Files\nodejs\;C:\Program Files\Docker\Docker\resources\bin;C:\Program Files\Java\jdk-17;C:\Ruby27-x64\bin;C:\Users\cbbat\AppData\Local\Microsoft\WindowsApps;C:\Users\cbbat\AppData\Roaming\Composer\vendor\bin;C:\Users\cbbat\AppData\Local\Programs\Microsoft VS Code\bin;C:\Users\cbbat\AppData\Local\Yarn\bin;C:\apache-maven-3.8.1\bin;C:\Program Files\heroku\bin;C:\flutter\bin;C:\Program Files\JetBrains\IntelliJ IDEA 2021.1.1\bin;;C:\Program Files\MongoDB\Server\5.0\bin;C:\Users\cbbat\AppData\Roaming\npm;C:\Program Files\Java\jdk-17;C:\Users\cbbat\.stk\bin\;."/>
    <property name="jansi.passthrough" value="true"/>
    <property name="maven.conf" value="C:\Program Files\JetBrains\IntelliJ IDEA 2023.1.3\plugins\maven\lib\maven3/conf"/>
    <property name="jdk.debug" value="release"/>
    <property name="java.class.version" value="61.0"/>
    <property name="java.specification.name" value="Java Platform API Specification"/>
    <property name="sun.management.compiler" value="HotSpot 64-Bit Tiered Compilers"/>
    <property name="os.version" value="10.0"/>
    <property name="user.home" value="C:\Users\cbbat"/>
    <property name="user.timezone" value="America/Sao_Paulo"/>
    <property name="file.encoding" value="UTF-8"/>
    <property name="java.specification.version" value="17"/>
    <property name="user.name" value="cbbat"/>
    <property name="java.class.path" value="C:\Program Files\JetBrains\IntelliJ IDEA 2023.1.3\plugins\maven\lib\maven3\boot\plexus-classworlds-2.6.0.jar;C:\Program Files\JetBrains\IntelliJ IDEA 2023.1.3\plugins\maven\lib\maven3\boot\plexus-classworlds.license"/>
    <property name="java.vm.specification.version" value="17"/>
    <property name="sun.arch.data.model" value="64"/>
    <property name="sun.java.command" value="org.codehaus.classworlds.Launcher -Didea.version=2023.1.3 clean package"/>
    <property name="java.home" value="C:\Users\cbbat\.jdks\jbr-17.0.7"/>
    <property name="user.language" value="pt"/>
    <property name="java.specification.vendor" value="Oracle Corporation"/>
    <property name="java.vm.info" value="mixed mode"/>
    <property name="java.version" value="17.0.7"/>
    <property name="native.encoding" value="Cp1252"/>
    <property name="java.vendor" value="JetBrains s.r.o."/>
    <property name="maven.home" value="C:\Program Files\JetBrains\IntelliJ IDEA 2023.1.3\plugins\maven\lib\maven3"/>
    <property name="file.separator" value="\"/>
    <property name="java.version.date" value="2023-04-18"/>
    <property name="java.vendor.url.bug" value="https://bugreport.java.com/bugreport/"/>
    <property name="sun.io.unicode.encoding" value="UnicodeLittle"/>
    <property name="sun.cpu.endian" value="little"/>
    <property name="java.vendor.version" value="JBR-17.0.7+7-1000.2-nomod"/>
    <property name="sun.cpu.isalist" value="amd64"/>
  </properties>
  <testcase classname="br.com.kanban.TaskTest" name="test_task_TRABALHANDO_avancando_para_EM_ESPERA" time="0.012"/>
  <testcase classname="br.com.kanban.TaskTest" name="test_task_ESPERANDO_regredindo_para_TRABALHANDO" time="0.003"/>
  <testcase classname="br.com.kanban.TaskTest" name="test_task_PARA_FAZER_avancando_para_TRABALHANDO" time="0"/>
  <testcase classname="br.com.kanban.TaskTest" name="test_task_EM_ESPERA_avancando_para_FEITO" time="0"/>
  <testcase classname="br.com.kanban.TaskTest" name="test_task_FEITO_regredindo_para_ESPERANDO" time="0"/>
  <testcase classname="br.com.kanban.TaskTest" name="test_task_TRABALHANDO_regredindo_para_PARA_FAZER" time="0"/>
</testsuite>